Arguments: 
  /Users/Me/.fnm/node-versions/v14.15.3/installation/bin/node /usr/local/Cellar/yarn/1.22.5/libexec/bin/yarn.js add express

PATH: 
  /usr/local/opt/libpq/bin:/var/folders/8x/ccj5sfqx3fj32sflk4zqk6bh0000gp/T/fnm_multishell_73646_1610685519574/bin:/Users/Me/.fnm:/Users/Me/.cabal/bin:/Users/Me/.ghcup/bin:/usr/local/opt/openssl/bin:/Users/Me/.opam/4.10.0/bin:/Users/Me/.local/bin:/Users/Me/.npm-global/bin:/Users/Me/.cargo/bin:/usr/local/bin:/usr/bin:/bin:/usr/sbin:/sbin:/opt/X11/bin:/usr/local/share/dotnet:~/.dotnet/tools:/usr/local/go/bin:/usr/local/MacGPG2/bin:/Library/Frameworks/Mono.framework/Versions/Current/Commands:/usr/local/opt/libpq/bin:/var/folders/8x/ccj5sfqx3fj32sflk4zqk6bh0000gp/T/fnm_multishell_486_1610679341468/bin:/Users/Me/.fnm:/Users/Me/.cabal/bin:/Users/Me/.ghcup/bin:/usr/local/opt/openssl/bin:/Users/Me/.local/bin:/Users/Me/.npm-global/bin:/Users/Me/.cargo/bin:/Applications/kitty.app/Contents/MacOS:./node_modules/.bin:/Users/Me/.flutter-cli/bin:/Users/Me/.dotnet/tools:/Users/Me/go/bin:/Users/Me/Library/Android/sdk/emulator:/Users/Me/Library/Android/sdk/tools:/Users/Me/Library/Android/sdk/tools/bin:/Users/Me/Library/Android/sdk/platform-tools:./node_modules/.bin:/Users/Me/.flutter-cli/bin:/Users/Me/.dotnet/tools:/Users/Me/go/bin:/Users/Me/Library/Android/sdk/emulator:/Users/Me/Library/Android/sdk/tools:/Users/Me/Library/Android/sdk/tools/bin:/Users/Me/Library/Android/sdk/platform-tools

Yarn version: 
  1.22.5

Node version: 
  14.15.3

Platform: 
  darwin x64

Trace: 
  Error: EEXIST: file already exists, symlink '../server' -> '/Users/Me/projects/the-x-chat/node_modules/server'

npm manifest: 
  {
    "name": "server",
    "version": "1.0.0",
    "description": "",
    "main": "index.js",
    "scripts": {
      "dev": "printf 'y' | yarn db:reset && yarn db:push && eval $(cat .env) nodemon --watch 'src/**/*.ts' --exec 'ts-node' --files src/index.ts",
      "watch-prisma": "nodemon --watch 'prisma/schema.prisma' --exec 'npx prisma generate'",
      "build": "tsc -p",
      "test": "echo \"Error: no test specified\" && exit 1",
      "db:push": "npx prisma db push --preview-feature",
      "db:reset": "npx prisma migrate reset --preview-feature"
    },
    "keywords": [],
    "author": "",
    "license": "ISC",
    "dependencies": {
      "@prisma/cli": "^2.14.0",
      "@prisma/client": "^2.14.0",
      "graphql-tag": "^2.11.0",
      "nodemon": "^2.0.7",
      "ts-node": "^9.1.1",
      "typescript": "^4.1.3"
    },
    "devDependencies": {
      "@types/node": "^14.14.21"
    }
  }

yarn manifest: 
  No manifest

Lockfile: 
  # THIS IS AN AUTOGENERATED FILE. DO NOT EDIT THIS FILE DIRECTLY.
  # yarn lockfile v1
